2017-04-01 17:56:58 trace :
------------
String:
<xml><ToUserName><![CDATA[gh_926f41550a1f]]></ToUserName>
<FromUserName><![CDATA[ocq8xuGkVazbSwKfabVrpezd7IeA]]></FromUserName>
<CreateTime>1491040617</CreateTime>
<MsgType><![CDATA[event]]></MsgType>
<Event><![CDATA[VIEW]]></Event>
<EventKey><![CDATA[http://caoliao.net.cn/we8/app/index.php?i=1&c=entry&mode=1&storeid=5&tablesid=1&do=waplist&m=weisrc_dish]]></EventKey>
<MenuId>414107460</MenuId>
</xml>

2017-04-01 17:56:58 params :
------------
String:
array (
  'message' => 
  array (
    'tousername' => 'gh_926f41550a1f',
    'fromusername' => 'ocq8xuGkVazbSwKfabVrpezd7IeA',
    'createtime' => '1491040617',
    'msgtype' => 'event',
    'event' => 'VIEW',
    'eventkey' => 'http://caoliao.net.cn/we8/app/index.php?i=1&c=entry&mode=1&storeid=5&tablesid=1&do=waplist&m=weisrc_dish',
    'menuid' => '414107460',
    'from' => 'ocq8xuGkVazbSwKfabVrpezd7IeA',
    'to' => 'gh_926f41550a1f',
    'time' => '1491040617',
    'type' => 'text',
    'content' => 'unknow',
    'redirection' => true,
    'source' => 'default',
    'original' => 'http://caoliao.net.cn/we8/app/index.php?i=1&c=entry&mode=1&storeid=5&tablesid=1&do=waplist&m=weisrc_dish',
  ),
  'module' => 'basic',
  'rule' => '10',
  'priority' => '0',
  'keyword' => 
  array (
    'id' => '15',
    'rid' => '10',
    'uniacid' => '1',
    'module' => 'basic',
    'content' => 'unknow',
    'type' => '1',
    'displayorder' => '0',
    'status' => '1',
  ),
)

2017-04-01 17:56:58 response :
------------
Array:
FromUserName : gh_926f41550a1f ;
ToUserName : ocq8xuGkVazbSwKfabVrpezd7IeA ;
MsgType : text ;
Content : 小主你也真会开玩笑，净整些哀家不知道的/晕
陛下可以试试下边这些:

城市天气，如: "北京天气"

百度百科, 如: "百科姚明", "定义自行车"

即时翻译	"@查询内容(中文或英文)"

今日老黄历	"日历", "万年历", "黄历"或"几号"

看新闻	"新闻"

快递查询	"快递+单号", 如: "申通1200041125"

当然了你也可以通过打开月光宝盒/亲亲，大喊“小编”或者“客服”或者“肖雨”/抓狂，我就会出来的陪你唠嗑了

~真的很急加(18929221501)肖雨微信！ ;

2017-04-01 17:57:07 trace :
------------
String:
<xml><ToUserName><![CDATA[gh_926f41550a1f]]></ToUserName>
<FromUserName><![CDATA[ocq8xuGkVazbSwKfabVrpezd7IeA]]></FromUserName>
<CreateTime>1491040627</CreateTime>
<MsgType><![CDATA[event]]></MsgType>
<Event><![CDATA[LOCATION]]></Event>
<Latitude>40.617138</Latitude>
<Longitude>109.826660</Longitude>
<Precision>40.000000</Precision>
</xml>

2017-04-01 17:57:07 params :
------------
String:
array (
  'message' => 
  array (
    'tousername' => 'gh_926f41550a1f',
    'fromusername' => 'ocq8xuGkVazbSwKfabVrpezd7IeA',
    'createtime' => '1491040627',
    'msgtype' => 'event',
    'event' => 'LOCATION',
    'latitude' => '40.617138',
    'longitude' => '109.826660',
    'precision' => '40.000000',
    'from' => 'ocq8xuGkVazbSwKfabVrpezd7IeA',
    'to' => 'gh_926f41550a1f',
    'time' => '1491040627',
    'type' => 'trace',
    'location_x' => '40.617138',
    'location_y' => '109.826660',
  ),
  'module' => 'default',
  'rule' => '-1',
)

2017-04-01 17:57:07 response :
------------
Array:
errno : -1 ;
message : Invaild value ;
data :  ;

2017-04-01 17:57:07 trace :
------------
String:
<xml><ToUserName><![CDATA[gh_926f41550a1f]]></ToUserName>
<FromUserName><![CDATA[ocq8xuGkVazbSwKfabVrpezd7IeA]]></FromUserName>
<CreateTime>1491040627</CreateTime>
<MsgType><![CDATA[event]]></MsgType>
<Event><![CDATA[VIEW]]></Event>
<EventKey><![CDATA[http://caoliao.net.cn/we8/app/index.php?i=1&c=mc&]]></EventKey>
<MenuId>414107460</MenuId>
</xml>

2017-04-01 17:57:07 params :
------------
String:
array (
  'message' => 
  array (
    'tousername' => 'gh_926f41550a1f',
    'fromusername' => 'ocq8xuGkVazbSwKfabVrpezd7IeA',
    'createtime' => '1491040627',
    'msgtype' => 'event',
    'event' => 'VIEW',
    'eventkey' => 'http://caoliao.net.cn/we8/app/index.php?i=1&c=mc&',
    'menuid' => '414107460',
    'from' => 'ocq8xuGkVazbSwKfabVrpezd7IeA',
    'to' => 'gh_926f41550a1f',
    'time' => '1491040627',
    'type' => 'text',
    'content' => 'unknow',
    'redirection' => true,
    'source' => 'default',
    'original' => 'http://caoliao.net.cn/we8/app/index.php?i=1&c=mc&',
  ),
  'module' => 'basic',
  'rule' => '10',
  'priority' => '0',
  'keyword' => 
  array (
    'id' => '15',
    'rid' => '10',
    'uniacid' => '1',
    'module' => 'basic',
    'content' => 'unknow',
    'type' => '1',
    'displayorder' => '0',
    'status' => '1',
  ),
)

2017-04-01 17:57:07 response :
------------
Array:
FromUserName : gh_926f41550a1f ;
ToUserName : ocq8xuGkVazbSwKfabVrpezd7IeA ;
MsgType : text ;
Content : 小主你也真会开玩笑，净整些哀家不知道的/晕
陛下可以试试下边这些:

城市天气，如: "北京天气"

百度百科, 如: "百科姚明", "定义自行车"

即时翻译	"@查询内容(中文或英文)"

今日老黄历	"日历", "万年历", "黄历"或"几号"

看新闻	"新闻"

快递查询	"快递+单号", 如: "申通1200041125"

当然了你也可以通过打开月光宝盒/亲亲，大喊“小编”或者“客服”或者“肖雨”/抓狂，我就会出来的陪你唠嗑了

~真的很急加(18929221501)肖雨微信！ ;

2017-04-01 17:57:24 trace :
------------
String:
<xml><ToUserName><![CDATA[gh_926f41550a1f]]></ToUserName>
<FromUserName><![CDATA[ocq8xuGkVazbSwKfabVrpezd7IeA]]></FromUserName>
<CreateTime>1491040644</CreateTime>
<MsgType><![CDATA[event]]></MsgType>
<Event><![CDATA[LOCATION]]></Event>
<Latitude>40.617142</Latitude>
<Longitude>109.826637</Longitude>
<Precision>40.000000</Precision>
</xml>

2017-04-01 17:57:24 params :
------------
String:
array (
  'message' => 
  array (
    'tousername' => 'gh_926f41550a1f',
    'fromusername' => 'ocq8xuGkVazbSwKfabVrpezd7IeA',
    'createtime' => '1491040644',
    'msgtype' => 'event',
    'event' => 'LOCATION',
    'latitude' => '40.617142',
    'longitude' => '109.826637',
    'precision' => '40.000000',
    'from' => 'ocq8xuGkVazbSwKfabVrpezd7IeA',
    'to' => 'gh_926f41550a1f',
    'time' => '1491040644',
    'type' => 'trace',
    'location_x' => '40.617142',
    'location_y' => '109.826637',
  ),
  'module' => 'default',
  'rule' => '-1',
)

2017-04-01 17:57:24 response :
------------
Array:
errno : -1 ;
message : Invaild value ;
data :  ;

2017-04-01 17:57:25 trace :
------------
String:
<xml><ToUserName><![CDATA[gh_926f41550a1f]]></ToUserName>
<FromUserName><![CDATA[ocq8xuGkVazbSwKfabVrpezd7IeA]]></FromUserName>
<CreateTime>1491040645</CreateTime>
<MsgType><![CDATA[event]]></MsgType>
<Event><![CDATA[VIEW]]></Event>
<EventKey><![CDATA[http://caoliao.net.cn/we8/app/index.php?i=1&c=entry&do=order&m=weisrc_dish]]></EventKey>
<MenuId>414107460</MenuId>
</xml>

2017-04-01 17:57:25 params :
------------
String:
array (
  'message' => 
  array (
    'tousername' => 'gh_926f41550a1f',
    'fromusername' => 'ocq8xuGkVazbSwKfabVrpezd7IeA',
    'createtime' => '1491040645',
    'msgtype' => 'event',
    'event' => 'VIEW',
    'eventkey' => 'http://caoliao.net.cn/we8/app/index.php?i=1&c=entry&do=order&m=weisrc_dish',
    'menuid' => '414107460',
    'from' => 'ocq8xuGkVazbSwKfabVrpezd7IeA',
    'to' => 'gh_926f41550a1f',
    'time' => '1491040645',
    'type' => 'text',
    'content' => 'unknow',
    'redirection' => true,
    'source' => 'default',
    'original' => 'http://caoliao.net.cn/we8/app/index.php?i=1&c=entry&do=order&m=weisrc_dish',
  ),
  'module' => 'basic',
  'rule' => '10',
  'priority' => '0',
  'keyword' => 
  array (
    'id' => '15',
    'rid' => '10',
    'uniacid' => '1',
    'module' => 'basic',
    'content' => 'unknow',
    'type' => '1',
    'displayorder' => '0',
    'status' => '1',
  ),
)

2017-04-01 17:57:25 response :
------------
Array:
FromUserName : gh_926f41550a1f ;
ToUserName : ocq8xuGkVazbSwKfabVrpezd7IeA ;
MsgType : text ;
Content : 小主你也真会开玩笑，净整些哀家不知道的/晕
陛下可以试试下边这些:

城市天气，如: "北京天气"

百度百科, 如: "百科姚明", "定义自行车"

即时翻译	"@查询内容(中文或英文)"

今日老黄历	"日历", "万年历", "黄历"或"几号"

看新闻	"新闻"

快递查询	"快递+单号", 如: "申通1200041125"

当然了你也可以通过打开月光宝盒/亲亲，大喊“小编”或者“客服”或者“肖雨”/抓狂，我就会出来的陪你唠嗑了

~真的很急加(18929221501)肖雨微信！ ;

2017-04-01 17:57:47 trace :
------------
String:
<xml><ToUserName><![CDATA[gh_926f41550a1f]]></ToUserName>
<FromUserName><![CDATA[ocq8xuGkVazbSwKfabVrpezd7IeA]]></FromUserName>
<CreateTime>1491040666</CreateTime>
<MsgType><![CDATA[event]]></MsgType>
<Event><![CDATA[LOCATION]]></Event>
<Latitude>40.617142</Latitude>
<Longitude>109.826637</Longitude>
<Precision>40.000000</Precision>
</xml>

2017-04-01 17:57:47 params :
------------
String:
array (
  'message' => 
  array (
    'tousername' => 'gh_926f41550a1f',
    'fromusername' => 'ocq8xuGkVazbSwKfabVrpezd7IeA',
    'createtime' => '1491040666',
    'msgtype' => 'event',
    'event' => 'LOCATION',
    'latitude' => '40.617142',
    'longitude' => '109.826637',
    'precision' => '40.000000',
    'from' => 'ocq8xuGkVazbSwKfabVrpezd7IeA',
    'to' => 'gh_926f41550a1f',
    'time' => '1491040666',
    'type' => 'trace',
    'location_x' => '40.617142',
    'location_y' => '109.826637',
  ),
  'module' => 'default',
  'rule' => '-1',
)

2017-04-01 17:57:47 response :
------------
Array:
errno : -1 ;
message : Invaild value ;
data :  ;

2017-04-01 17:57:47 trace :
------------
String:
<xml><ToUserName><![CDATA[gh_926f41550a1f]]></ToUserName>
<FromUserName><![CDATA[ocq8xuGkVazbSwKfabVrpezd7IeA]]></FromUserName>
<CreateTime>1491040667</CreateTime>
<MsgType><![CDATA[event]]></MsgType>
<Event><![CDATA[VIEW]]></Event>
<EventKey><![CDATA[http://caoliao.net.cn/we8/app/index.php?i=1&c=entry&do=order&m=weisrc_dish]]></EventKey>
<MenuId>414107460</MenuId>
</xml>

2017-04-01 17:57:47 params :
------------
String:
array (
  'message' => 
  array (
    'tousername' => 'gh_926f41550a1f',
    'fromusername' => 'ocq8xuGkVazbSwKfabVrpezd7IeA',
    'createtime' => '1491040667',
    'msgtype' => 'event',
    'event' => 'VIEW',
    'eventkey' => 'http://caoliao.net.cn/we8/app/index.php?i=1&c=entry&do=order&m=weisrc_dish',
    'menuid' => '414107460',
    'from' => 'ocq8xuGkVazbSwKfabVrpezd7IeA',
    'to' => 'gh_926f41550a1f',
    'time' => '1491040667',
    'type' => 'text',
    'content' => 'unknow',
    'redirection' => true,
    'source' => 'default',
    'original' => 'http://caoliao.net.cn/we8/app/index.php?i=1&c=entry&do=order&m=weisrc_dish',
  ),
  'module' => 'basic',
  'rule' => '10',
  'priority' => '0',
  'keyword' => 
  array (
    'id' => '15',
    'rid' => '10',
    'uniacid' => '1',
    'module' => 'basic',
    'content' => 'unknow',
    'type' => '1',
    'displayorder' => '0',
    'status' => '1',
  ),
)

2017-04-01 17:57:47 response :
------------
Array:
FromUserName : gh_926f41550a1f ;
ToUserName : ocq8xuGkVazbSwKfabVrpezd7IeA ;
MsgType : text ;
Content : 小主你也真会开玩笑，净整些哀家不知道的/晕
陛下可以试试下边这些:

城市天气，如: "北京天气"

百度百科, 如: "百科姚明", "定义自行车"

即时翻译	"@查询内容(中文或英文)"

今日老黄历	"日历", "万年历", "黄历"或"几号"

看新闻	"新闻"

快递查询	"快递+单号", 如: "申通1200041125"

当然了你也可以通过打开月光宝盒/亲亲，大喊“小编”或者“客服”或者“肖雨”/抓狂，我就会出来的陪你唠嗑了

~真的很急加(18929221501)肖雨微信！ ;

2017-04-01 17:57:55 trace :
------------
String:
<xml><ToUserName><![CDATA[gh_926f41550a1f]]></ToUserName>
<FromUserName><![CDATA[ocq8xuGkVazbSwKfabVrpezd7IeA]]></FromUserName>
<CreateTime>1491040675</CreateTime>
<MsgType><![CDATA[event]]></MsgType>
<Event><![CDATA[LOCATION]]></Event>
<Latitude>40.617134</Latitude>
<Longitude>109.826645</Longitude>
<Precision>40.000000</Precision>
</xml>

2017-04-01 17:57:55 params :
------------
String:
array (
  'message' => 
  array (
    'tousername' => 'gh_926f41550a1f',
    'fromusername' => 'ocq8xuGkVazbSwKfabVrpezd7IeA',
    'createtime' => '1491040675',
    'msgtype' => 'event',
    'event' => 'LOCATION',
    'latitude' => '40.617134',
    'longitude' => '109.826645',
    'precision' => '40.000000',
    'from' => 'ocq8xuGkVazbSwKfabVrpezd7IeA',
    'to' => 'gh_926f41550a1f',
    'time' => '1491040675',
    'type' => 'trace',
    'location_x' => '40.617134',
    'location_y' => '109.826645',
  ),
  'module' => 'default',
  'rule' => '-1',
)

2017-04-01 17:57:55 response :
------------
Array:
errno : -1 ;
message : Invaild value ;
data :  ;

2017-04-01 18:02:37 trace :
------------
String:
<xml><ToUserName><![CDATA[gh_926f41550a1f]]></ToUserName>
<FromUserName><![CDATA[ocq8xuGkVazbSwKfabVrpezd7IeA]]></FromUserName>
<CreateTime>1491040957</CreateTime>
<MsgType><![CDATA[event]]></MsgType>
<Event><![CDATA[VIEW]]></Event>
<EventKey><![CDATA[http://caoliao.net.cn/we8/app/index.php?i=1&c=mc&]]></EventKey>
<MenuId>414107460</MenuId>
</xml>

2017-04-01 18:02:37 params :
------------
String:
array (
  'message' => 
  array (
    'tousername' => 'gh_926f41550a1f',
    'fromusername' => 'ocq8xuGkVazbSwKfabVrpezd7IeA',
    'createtime' => '1491040957',
    'msgtype' => 'event',
    'event' => 'VIEW',
    'eventkey' => 'http://caoliao.net.cn/we8/app/index.php?i=1&c=mc&',
    'menuid' => '414107460',
    'from' => 'ocq8xuGkVazbSwKfabVrpezd7IeA',
    'to' => 'gh_926f41550a1f',
    'time' => '1491040957',
    'type' => 'text',
    'content' => 'unknow',
    'redirection' => true,
    'source' => 'default',
    'original' => 'http://caoliao.net.cn/we8/app/index.php?i=1&c=mc&',
  ),
  'module' => 'basic',
  'rule' => '10',
  'priority' => '0',
  'keyword' => 
  array (
    'id' => '15',
    'rid' => '10',
    'uniacid' => '1',
    'module' => 'basic',
    'content' => 'unknow',
    'type' => '1',
    'displayorder' => '0',
    'status' => '1',
  ),
)

2017-04-01 18:02:37 response :
------------
Array:
FromUserName : gh_926f41550a1f ;
ToUserName : ocq8xuGkVazbSwKfabVrpezd7IeA ;
MsgType : text ;
Content : 小主你也真会开玩笑，净整些哀家不知道的/晕
陛下可以试试下边这些:

城市天气，如: "北京天气"

百度百科, 如: "百科姚明", "定义自行车"

即时翻译	"@查询内容(中文或英文)"

今日老黄历	"日历", "万年历", "黄历"或"几号"

看新闻	"新闻"

快递查询	"快递+单号", 如: "申通1200041125"

当然了你也可以通过打开月光宝盒/亲亲，大喊“小编”或者“客服”或者“肖雨”/抓狂，我就会出来的陪你唠嗑了

~真的很急加(18929221501)肖雨微信！ ;

2017-04-01 18:02:53 trace :
------------
String:
<xml><ToUserName><![CDATA[gh_926f41550a1f]]></ToUserName>
<FromUserName><![CDATA[ocq8xuGkVazbSwKfabVrpezd7IeA]]></FromUserName>
<CreateTime>1491040973</CreateTime>
<MsgType><![CDATA[event]]></MsgType>
<Event><![CDATA[LOCATION]]></Event>
<Latitude>40.617100</Latitude>
<Longitude>109.826584</Longitude>
<Precision>40.000000</Precision>
</xml>

2017-04-01 18:02:53 params :
------------
String:
array (
  'message' => 
  array (
    'tousername' => 'gh_926f41550a1f',
    'fromusername' => 'ocq8xuGkVazbSwKfabVrpezd7IeA',
    'createtime' => '1491040973',
    'msgtype' => 'event',
    'event' => 'LOCATION',
    'latitude' => '40.617100',
    'longitude' => '109.826584',
    'precision' => '40.000000',
    'from' => 'ocq8xuGkVazbSwKfabVrpezd7IeA',
    'to' => 'gh_926f41550a1f',
    'time' => '1491040973',
    'type' => 'trace',
    'location_x' => '40.617100',
    'location_y' => '109.826584',
  ),
  'module' => 'default',
  'rule' => '-1',
)

2017-04-01 18:02:53 response :
------------
Array:
errno : -1 ;
message : Invaild value ;
data :  ;

2017-04-01 18:02:54 trace :
------------
String:
<xml><ToUserName><![CDATA[gh_926f41550a1f]]></ToUserName>
<FromUserName><![CDATA[ocq8xuGkVazbSwKfabVrpezd7IeA]]></FromUserName>
<CreateTime>1491040974</CreateTime>
<MsgType><![CDATA[event]]></MsgType>
<Event><![CDATA[VIEW]]></Event>
<EventKey><![CDATA[http://caoliao.net.cn/we8/app/index.php?i=1&c=activity&a=goods&do=deliver&id=1&]]></EventKey>
<MenuId>414107460</MenuId>
</xml>

2017-04-01 18:02:54 params :
------------
String:
array (
  'message' => 
  array (
    'tousername' => 'gh_926f41550a1f',
    'fromusername' => 'ocq8xuGkVazbSwKfabVrpezd7IeA',
    'createtime' => '1491040974',
    'msgtype' => 'event',
    'event' => 'VIEW',
    'eventkey' => 'http://caoliao.net.cn/we8/app/index.php?i=1&c=activity&a=goods&do=deliver&id=1&',
    'menuid' => '414107460',
    'from' => 'ocq8xuGkVazbSwKfabVrpezd7IeA',
    'to' => 'gh_926f41550a1f',
    'time' => '1491040974',
    'type' => 'text',
    'content' => 'unknow',
    'redirection' => true,
    'source' => 'default',
    'original' => 'http://caoliao.net.cn/we8/app/index.php?i=1&c=activity&a=goods&do=deliver&id=1&',
  ),
  'module' => 'basic',
  'rule' => '10',
  'priority' => '0',
  'keyword' => 
  array (
    'id' => '15',
    'rid' => '10',
    'uniacid' => '1',
    'module' => 'basic',
    'content' => 'unknow',
    'type' => '1',
    'displayorder' => '0',
    'status' => '1',
  ),
)

2017-04-01 18:02:54 response :
------------
Array:
FromUserName : gh_926f41550a1f ;
ToUserName : ocq8xuGkVazbSwKfabVrpezd7IeA ;
MsgType : text ;
Content : 小主你也真会开玩笑，净整些哀家不知道的/晕
陛下可以试试下边这些:

城市天气，如: "北京天气"

百度百科, 如: "百科姚明", "定义自行车"

即时翻译	"@查询内容(中文或英文)"

今日老黄历	"日历", "万年历", "黄历"或"几号"

看新闻	"新闻"

快递查询	"快递+单号", 如: "申通1200041125"

当然了你也可以通过打开月光宝盒/亲亲，大喊“小编”或者“客服”或者“肖雨”/抓狂，我就会出来的陪你唠嗑了

~真的很急加(18929221501)肖雨微信！ ;

2017-04-01 18:16:49 trace :
------------
String:
<xml><ToUserName><![CDATA[gh_926f41550a1f]]></ToUserName>
<FromUserName><![CDATA[ocq8xuGkVazbSwKfabVrpezd7IeA]]></FromUserName>
<CreateTime>1491041809</CreateTime>
<MsgType><![CDATA[event]]></MsgType>
<Event><![CDATA[LOCATION]]></Event>
<Latitude>40.617088</Latitude>
<Longitude>109.826637</Longitude>
<Precision>40.000000</Precision>
</xml>

2017-04-01 18:16:49 params :
------------
String:
array (
  'message' => 
  array (
    'tousername' => 'gh_926f41550a1f',
    'fromusername' => 'ocq8xuGkVazbSwKfabVrpezd7IeA',
    'createtime' => '1491041809',
    'msgtype' => 'event',
    'event' => 'LOCATION',
    'latitude' => '40.617088',
    'longitude' => '109.826637',
    'precision' => '40.000000',
    'from' => 'ocq8xuGkVazbSwKfabVrpezd7IeA',
    'to' => 'gh_926f41550a1f',
    'time' => '1491041809',
    'type' => 'trace',
    'location_x' => '40.617088',
    'location_y' => '109.826637',
  ),
  'module' => 'default',
  'rule' => '-1',
)

2017-04-01 18:16:49 response :
------------
Array:
errno : -1 ;
message : Invaild value ;
data :  ;

2017-04-01 18:16:49 trace :
------------
String:
<xml><ToUserName><![CDATA[gh_926f41550a1f]]></ToUserName>
<FromUserName><![CDATA[ocq8xuGkVazbSwKfabVrpezd7IeA]]></FromUserName>
<CreateTime>1491041809</CreateTime>
<MsgType><![CDATA[event]]></MsgType>
<Event><![CDATA[VIEW]]></Event>
<EventKey><![CDATA[http://caoliao.net.cn/we8/app/index.php?i=1&c=activity&a=goods&do=deliver&id=1&]]></EventKey>
<MenuId>414107460</MenuId>
</xml>

2017-04-01 18:16:49 params :
------------
String:
array (
  'message' => 
  array (
    'tousername' => 'gh_926f41550a1f',
    'fromusername' => 'ocq8xuGkVazbSwKfabVrpezd7IeA',
    'createtime' => '1491041809',
    'msgtype' => 'event',
    'event' => 'VIEW',
    'eventkey' => 'http://caoliao.net.cn/we8/app/index.php?i=1&c=activity&a=goods&do=deliver&id=1&',
    'menuid' => '414107460',
    'from' => 'ocq8xuGkVazbSwKfabVrpezd7IeA',
    'to' => 'gh_926f41550a1f',
    'time' => '1491041809',
    'type' => 'text',
    'content' => 'unknow',
    'redirection' => true,
    'source' => 'default',
    'original' => 'http://caoliao.net.cn/we8/app/index.php?i=1&c=activity&a=goods&do=deliver&id=1&',
  ),
  'module' => 'basic',
  'rule' => '10',
  'priority' => '0',
  'keyword' => 
  array (
    'id' => '15',
    'rid' => '10',
    'uniacid' => '1',
    'module' => 'basic',
    'content' => 'unknow',
    'type' => '1',
    'displayorder' => '0',
    'status' => '1',
  ),
)

2017-04-01 18:16:49 response :
------------
Array:
FromUserName : gh_926f41550a1f ;
ToUserName : ocq8xuGkVazbSwKfabVrpezd7IeA ;
MsgType : text ;
Content : 小主你也真会开玩笑，净整些哀家不知道的/晕
陛下可以试试下边这些:

城市天气，如: "北京天气"

百度百科, 如: "百科姚明", "定义自行车"

即时翻译	"@查询内容(中文或英文)"

今日老黄历	"日历", "万年历", "黄历"或"几号"

看新闻	"新闻"

快递查询	"快递+单号", 如: "申通1200041125"

当然了你也可以通过打开月光宝盒/亲亲，大喊“小编”或者“客服”或者“肖雨”/抓狂，我就会出来的陪你唠嗑了

~真的很急加(18929221501)肖雨微信！ ;

2017-04-01 18:16:56 trace :
------------
String:
<xml><ToUserName><![CDATA[gh_926f41550a1f]]></ToUserName>
<FromUserName><![CDATA[ocq8xuGkVazbSwKfabVrpezd7IeA]]></FromUserName>
<CreateTime>1491041816</CreateTime>
<MsgType><![CDATA[event]]></MsgType>
<Event><![CDATA[LOCATION]]></Event>
<Latitude>40.617088</Latitude>
<Longitude>109.826637</Longitude>
<Precision>40.000000</Precision>
</xml>

2017-04-01 18:16:56 params :
------------
String:
array (
  'message' => 
  array (
    'tousername' => 'gh_926f41550a1f',
    'fromusername' => 'ocq8xuGkVazbSwKfabVrpezd7IeA',
    'createtime' => '1491041816',
    'msgtype' => 'event',
    'event' => 'LOCATION',
    'latitude' => '40.617088',
    'longitude' => '109.826637',
    'precision' => '40.000000',
    'from' => 'ocq8xuGkVazbSwKfabVrpezd7IeA',
    'to' => 'gh_926f41550a1f',
    'time' => '1491041816',
    'type' => 'trace',
    'location_x' => '40.617088',
    'location_y' => '109.826637',
  ),
  'module' => 'default',
  'rule' => '-1',
)

2017-04-01 18:16:56 response :
------------
Array:
errno : -1 ;
message : Invaild value ;
data :  ;

2017-04-01 18:16:56 trace :
------------
String:
<xml><ToUserName><![CDATA[gh_926f41550a1f]]></ToUserName>
<FromUserName><![CDATA[ocq8xuGkVazbSwKfabVrpezd7IeA]]></FromUserName>
<CreateTime>1491041816</CreateTime>
<MsgType><![CDATA[event]]></MsgType>
<Event><![CDATA[VIEW]]></Event>
<EventKey><![CDATA[http://caoliao.net.cn/we8/app/index.php?i=1&c=mc&]]></EventKey>
<MenuId>414107460</MenuId>
</xml>

2017-04-01 18:16:56 params :
------------
String:
array (
  'message' => 
  array (
    'tousername' => 'gh_926f41550a1f',
    'fromusername' => 'ocq8xuGkVazbSwKfabVrpezd7IeA',
    'createtime' => '1491041816',
    'msgtype' => 'event',
    'event' => 'VIEW',
    'eventkey' => 'http://caoliao.net.cn/we8/app/index.php?i=1&c=mc&',
    'menuid' => '414107460',
    'from' => 'ocq8xuGkVazbSwKfabVrpezd7IeA',
    'to' => 'gh_926f41550a1f',
    'time' => '1491041816',
    'type' => 'text',
    'content' => 'unknow',
    'redirection' => true,
    'source' => 'default',
    'original' => 'http://caoliao.net.cn/we8/app/index.php?i=1&c=mc&',
  ),
  'module' => 'basic',
  'rule' => '10',
  'priority' => '0',
  'keyword' => 
  array (
    'id' => '15',
    'rid' => '10',
    'uniacid' => '1',
    'module' => 'basic',
    'content' => 'unknow',
    'type' => '1',
    'displayorder' => '0',
    'status' => '1',
  ),
)

2017-04-01 18:16:56 response :
------------
Array:
FromUserName : gh_926f41550a1f ;
ToUserName : ocq8xuGkVazbSwKfabVrpezd7IeA ;
MsgType : text ;
Content : 小主你也真会开玩笑，净整些哀家不知道的/晕
陛下可以试试下边这些:

城市天气，如: "北京天气"

百度百科, 如: "百科姚明", "定义自行车"

即时翻译	"@查询内容(中文或英文)"

今日老黄历	"日历", "万年历", "黄历"或"几号"

看新闻	"新闻"

快递查询	"快递+单号", 如: "申通1200041125"

当然了你也可以通过打开月光宝盒/亲亲，大喊“小编”或者“客服”或者“肖雨”/抓狂，我就会出来的陪你唠嗑了

~真的很急加(18929221501)肖雨微信！ ;

2017-04-01 18:19:51 trace :
------------
String:
<xml><ToUserName><![CDATA[gh_926f41550a1f]]></ToUserName>
<FromUserName><![CDATA[ocq8xuGkVazbSwKfabVrpezd7IeA]]></FromUserName>
<CreateTime>1491041991</CreateTime>
<MsgType><![CDATA[event]]></MsgType>
<Event><![CDATA[VIEW]]></Event>
<EventKey><![CDATA[http://caoliao.net.cn/we8/app/index.php?i=1&c=activity&a=goods&do=deliver&id=1&]]></EventKey>
<MenuId>414107460</MenuId>
</xml>

2017-04-01 18:19:51 params :
------------
String:
array (
  'message' => 
  array (
    'tousername' => 'gh_926f41550a1f',
    'fromusername' => 'ocq8xuGkVazbSwKfabVrpezd7IeA',
    'createtime' => '1491041991',
    'msgtype' => 'event',
    'event' => 'VIEW',
    'eventkey' => 'http://caoliao.net.cn/we8/app/index.php?i=1&c=activity&a=goods&do=deliver&id=1&',
    'menuid' => '414107460',
    'from' => 'ocq8xuGkVazbSwKfabVrpezd7IeA',
    'to' => 'gh_926f41550a1f',
    'time' => '1491041991',
    'type' => 'text',
    'content' => 'unknow',
    'redirection' => true,
    'source' => 'default',
    'original' => 'http://caoliao.net.cn/we8/app/index.php?i=1&c=activity&a=goods&do=deliver&id=1&',
  ),
  'module' => 'basic',
  'rule' => '10',
  'priority' => '0',
  'keyword' => 
  array (
    'id' => '15',
    'rid' => '10',
    'uniacid' => '1',
    'module' => 'basic',
    'content' => 'unknow',
    'type' => '1',
    'displayorder' => '0',
    'status' => '1',
  ),
)

2017-04-01 18:19:51 response :
------------
Array:
FromUserName : gh_926f41550a1f ;
ToUserName : ocq8xuGkVazbSwKfabVrpezd7IeA ;
MsgType : text ;
Content : 小主你也真会开玩笑，净整些哀家不知道的/晕
陛下可以试试下边这些:

城市天气，如: "北京天气"

百度百科, 如: "百科姚明", "定义自行车"

即时翻译	"@查询内容(中文或英文)"

今日老黄历	"日历", "万年历", "黄历"或"几号"

看新闻	"新闻"

快递查询	"快递+单号", 如: "申通1200041125"

当然了你也可以通过打开月光宝盒/亲亲，大喊“小编”或者“客服”或者“肖雨”/抓狂，我就会出来的陪你唠嗑了

~真的很急加(18929221501)肖雨微信！ ;

2017-04-01 18:21:46 trace :
------------
String:
<xml><ToUserName><![CDATA[gh_926f41550a1f]]></ToUserName>
<FromUserName><![CDATA[ocq8xuGkVazbSwKfabVrpezd7IeA]]></FromUserName>
<CreateTime>1491042106</CreateTime>
<MsgType><![CDATA[event]]></MsgType>
<Event><![CDATA[VIEW]]></Event>
<EventKey><![CDATA[http://caoliao.net.cn/we8/app/index.php?i=1&c=activity&a=goods&do=deliver&id=1&]]></EventKey>
<MenuId>414107460</MenuId>
</xml>

2017-04-01 18:21:46 params :
------------
String:
array (
  'message' => 
  array (
    'tousername' => 'gh_926f41550a1f',
    'fromusername' => 'ocq8xuGkVazbSwKfabVrpezd7IeA',
    'createtime' => '1491042106',
    'msgtype' => 'event',
    'event' => 'VIEW',
    'eventkey' => 'http://caoliao.net.cn/we8/app/index.php?i=1&c=activity&a=goods&do=deliver&id=1&',
    'menuid' => '414107460',
    'from' => 'ocq8xuGkVazbSwKfabVrpezd7IeA',
    'to' => 'gh_926f41550a1f',
    'time' => '1491042106',
    'type' => 'text',
    'content' => 'unknow',
    'redirection' => true,
    'source' => 'default',
    'original' => 'http://caoliao.net.cn/we8/app/index.php?i=1&c=activity&a=goods&do=deliver&id=1&',
  ),
  'module' => 'basic',
  'rule' => '10',
  'priority' => '0',
  'keyword' => 
  array (
    'id' => '15',
    'rid' => '10',
    'uniacid' => '1',
    'module' => 'basic',
    'content' => 'unknow',
    'type' => '1',
    'displayorder' => '0',
    'status' => '1',
  ),
)

2017-04-01 18:21:46 response :
------------
Array:
FromUserName : gh_926f41550a1f ;
ToUserName : ocq8xuGkVazbSwKfabVrpezd7IeA ;
MsgType : text ;
Content : 小主你也真会开玩笑，净整些哀家不知道的/晕
陛下可以试试下边这些:

城市天气，如: "北京天气"

百度百科, 如: "百科姚明", "定义自行车"

即时翻译	"@查询内容(中文或英文)"

今日老黄历	"日历", "万年历", "黄历"或"几号"

看新闻	"新闻"

快递查询	"快递+单号", 如: "申通1200041125"

当然了你也可以通过打开月光宝盒/亲亲，大喊“小编”或者“客服”或者“肖雨”/抓狂，我就会出来的陪你唠嗑了

~真的很急加(18929221501)肖雨微信！ ;

2017-04-01 18:21:50 trace :
------------
String:
<xml><ToUserName><![CDATA[gh_926f41550a1f]]></ToUserName>
<FromUserName><![CDATA[ocq8xuGkVazbSwKfabVrpezd7IeA]]></FromUserName>
<CreateTime>1491042110</CreateTime>
<MsgType><![CDATA[event]]></MsgType>
<Event><![CDATA[LOCATION]]></Event>
<Latitude>40.617138</Latitude>
<Longitude>109.826729</Longitude>
<Precision>40.000000</Precision>
</xml>

2017-04-01 18:21:50 params :
------------
String:
array (
  'message' => 
  array (
    'tousername' => 'gh_926f41550a1f',
    'fromusername' => 'ocq8xuGkVazbSwKfabVrpezd7IeA',
    'createtime' => '1491042110',
    'msgtype' => 'event',
    'event' => 'LOCATION',
    'latitude' => '40.617138',
    'longitude' => '109.826729',
    'precision' => '40.000000',
    'from' => 'ocq8xuGkVazbSwKfabVrpezd7IeA',
    'to' => 'gh_926f41550a1f',
    'time' => '1491042110',
    'type' => 'trace',
    'location_x' => '40.617138',
    'location_y' => '109.826729',
  ),
  'module' => 'default',
  'rule' => '-1',
)

2017-04-01 18:21:50 response :
------------
Array:
errno : -1 ;
message : Invaild value ;
data :  ;

2017-04-01 18:24:40 trace :
------------
String:
<xml><ToUserName><![CDATA[gh_926f41550a1f]]></ToUserName>
<FromUserName><![CDATA[ocq8xuGkVazbSwKfabVrpezd7IeA]]></FromUserName>
<CreateTime>1491042280</CreateTime>
<MsgType><![CDATA[event]]></MsgType>
<Event><![CDATA[LOCATION]]></Event>
<Latitude>40.617107</Latitude>
<Longitude>109.826714</Longitude>
<Precision>40.000000</Precision>
</xml>

2017-04-01 18:24:40 params :
------------
String:
array (
  'message' => 
  array (
    'tousername' => 'gh_926f41550a1f',
    'fromusername' => 'ocq8xuGkVazbSwKfabVrpezd7IeA',
    'createtime' => '1491042280',
    'msgtype' => 'event',
    'event' => 'LOCATION',
    'latitude' => '40.617107',
    'longitude' => '109.826714',
    'precision' => '40.000000',
    'from' => 'ocq8xuGkVazbSwKfabVrpezd7IeA',
    'to' => 'gh_926f41550a1f',
    'time' => '1491042280',
    'type' => 'trace',
    'location_x' => '40.617107',
    'location_y' => '109.826714',
  ),
  'module' => 'default',
  'rule' => '-1',
)

2017-04-01 18:24:40 response :
------------
Array:
errno : -1 ;
message : Invaild value ;
data :  ;

2017-04-01 18:26:01 trace :
------------
String:
<xml><ToUserName><![CDATA[gh_926f41550a1f]]></ToUserName>
<FromUserName><![CDATA[ocq8xuGkVazbSwKfabVrpezd7IeA]]></FromUserName>
<CreateTime>1491042361</CreateTime>
<MsgType><![CDATA[event]]></MsgType>
<Event><![CDATA[LOCATION]]></Event>
<Latitude>40.617104</Latitude>
<Longitude>109.826714</Longitude>
<Precision>40.000000</Precision>
</xml>

2017-04-01 18:26:01 params :
------------
String:
array (
  'message' => 
  array (
    'tousername' => 'gh_926f41550a1f',
    'fromusername' => 'ocq8xuGkVazbSwKfabVrpezd7IeA',
    'createtime' => '1491042361',
    'msgtype' => 'event',
    'event' => 'LOCATION',
    'latitude' => '40.617104',
    'longitude' => '109.826714',
    'precision' => '40.000000',
    'from' => 'ocq8xuGkVazbSwKfabVrpezd7IeA',
    'to' => 'gh_926f41550a1f',
    'time' => '1491042361',
    'type' => 'trace',
    'location_x' => '40.617104',
    'location_y' => '109.826714',
  ),
  'module' => 'default',
  'rule' => '-1',
)

2017-04-01 18:26:01 response :
------------
Array:
errno : -1 ;
message : Invaild value ;
data :  ;

2017-04-01 18:26:02 trace :
------------
String:
<xml><ToUserName><![CDATA[gh_926f41550a1f]]></ToUserName>
<FromUserName><![CDATA[ocq8xuGkVazbSwKfabVrpezd7IeA]]></FromUserName>
<CreateTime>1491042362</CreateTime>
<MsgType><![CDATA[event]]></MsgType>
<Event><![CDATA[VIEW]]></Event>
<EventKey><![CDATA[http://caoliao.net.cn/we8/app/index.php?i=1&c=activity&a=goods&do=deliver&id=1&]]></EventKey>
<MenuId>414107460</MenuId>
</xml>

2017-04-01 18:26:02 params :
------------
String:
array (
  'message' => 
  array (
    'tousername' => 'gh_926f41550a1f',
    'fromusername' => 'ocq8xuGkVazbSwKfabVrpezd7IeA',
    'createtime' => '1491042362',
    'msgtype' => 'event',
    'event' => 'VIEW',
    'eventkey' => 'http://caoliao.net.cn/we8/app/index.php?i=1&c=activity&a=goods&do=deliver&id=1&',
    'menuid' => '414107460',
    'from' => 'ocq8xuGkVazbSwKfabVrpezd7IeA',
    'to' => 'gh_926f41550a1f',
    'time' => '1491042362',
    'type' => 'text',
    'content' => 'unknow',
    'redirection' => true,
    'source' => 'default',
    'original' => 'http://caoliao.net.cn/we8/app/index.php?i=1&c=activity&a=goods&do=deliver&id=1&',
  ),
  'module' => 'basic',
  'rule' => '10',
  'priority' => '0',
  'keyword' => 
  array (
    'id' => '15',
    'rid' => '10',
    'uniacid' => '1',
    'module' => 'basic',
    'content' => 'unknow',
    'type' => '1',
    'displayorder' => '0',
    'status' => '1',
  ),
)

2017-04-01 18:26:02 response :
------------
Array:
FromUserName : gh_926f41550a1f ;
ToUserName : ocq8xuGkVazbSwKfabVrpezd7IeA ;
MsgType : text ;
Content : 小主你也真会开玩笑，净整些哀家不知道的/晕
陛下可以试试下边这些:

城市天气，如: "北京天气"

百度百科, 如: "百科姚明", "定义自行车"

即时翻译	"@查询内容(中文或英文)"

今日老黄历	"日历", "万年历", "黄历"或"几号"

看新闻	"新闻"

快递查询	"快递+单号", 如: "申通1200041125"

当然了你也可以通过打开月光宝盒/亲亲，大喊“小编”或者“客服”或者“肖雨”/抓狂，我就会出来的陪你唠嗑了

~真的很急加(18929221501)肖雨微信！ ;

